<?xml version="1.0" encoding="UTF-8"?>
<!-- Generated by org.testng.reporters.JUnitReportReporter -->
<testsuite skipped="0" hostname="Sinovuyos-MBP" name="tests.AddToCartTest" tests="1" failures="0" timestamp="2023-01-26T16:59:00 SAST" time="6.539" errors="0">
  <testcase name="addToCart" time="6.539" classname="tests.AddToCartTest"/>
  <system-out/>
</testsuite> <!-- tests.AddToCartTest -->
